\\mac\home\documents\github\sideproject\fulltimestudy\datastructure.cpp\datastructure.cpp\debug\vc141.pdb
\\mac\home\documents\github\sideproject\fulltimestudy\datastructure.cpp\datastructure.cpp\debug\vc141.idb
\\mac\home\documents\github\sideproject\fulltimestudy\datastructure.cpp\datastructure.cpp\debug\arrayqueue.obj
\\mac\home\documents\github\sideproject\fulltimestudy\datastructure.cpp\datastructure.cpp\debug\arraystack.obj
\\mac\home\documents\github\sideproject\fulltimestudy\datastructure.cpp\datastructure.cpp\debug\bst.obj
\\mac\home\documents\github\sideproject\fulltimestudy\datastructure.cpp\datastructure.cpp\debug\graph.obj
\\mac\home\documents\github\sideproject\fulltimestudy\datastructure.cpp\datastructure.cpp\debug\llstack.obj
\\mac\home\documents\github\sideproject\fulltimestudy\datastructure.cpp\datastructure.cpp\debug\main.obj
\\mac\home\documents\github\sideproject\fulltimestudy\datastructure.cpp\datastructure.cpp\debug\linkedlist.obj
\\mac\home\documents\github\sideproject\fulltimestudy\datastructure.cpp\debug\datastructure.cpp.ilk
\\mac\home\documents\github\sideproject\fulltimestudy\datastructure.cpp\debug\datastructure.cpp.exe
\\mac\home\documents\github\sideproject\fulltimestudy\datastructure.cpp\debug\datastructure.cpp.pdb
\\mac\home\documents\github\sideproject\fulltimestudy\datastructure.cpp\datastructure.cpp\debug\datastru.092ea433.tlog\cl.command.1.tlog
\\mac\home\documents\github\sideproject\fulltimestudy\datastructure.cpp\datastructure.cpp\debug\datastru.092ea433.tlog\cl.read.1.tlog
\\mac\home\documents\github\sideproject\fulltimestudy\datastructure.cpp\datastructure.cpp\debug\datastru.092ea433.tlog\cl.write.1.tlog
\\mac\home\documents\github\sideproject\fulltimestudy\datastructure.cpp\datastructure.cpp\debug\datastru.092ea433.tlog\link.17912-cvtres.read.1.tlog
\\mac\home\documents\github\sideproject\fulltimestudy\datastructure.cpp\datastructure.cpp\debug\datastru.092ea433.tlog\link.17912-cvtres.write.1.tlog
\\mac\home\documents\github\sideproject\fulltimestudy\datastructure.cpp\datastructure.cpp\debug\datastru.092ea433.tlog\link.17912-rc.read.1.tlog
\\mac\home\documents\github\sideproject\fulltimestudy\datastructure.cpp\datastructure.cpp\debug\datastru.092ea433.tlog\link.17912-rc.write.1.tlog
\\mac\home\documents\github\sideproject\fulltimestudy\datastructure.cpp\datastructure.cpp\debug\datastru.092ea433.tlog\link.17912.read.1.tlog
\\mac\home\documents\github\sideproject\fulltimestudy\datastructure.cpp\datastructure.cpp\debug\datastru.092ea433.tlog\link.17912.write.1.tlog
\\mac\home\documents\github\sideproject\fulltimestudy\datastructure.cpp\datastructure.cpp\debug\datastru.092ea433.tlog\link.command.1.tlog
\\mac\home\documents\github\sideproject\fulltimestudy\datastructure.cpp\datastructure.cpp\debug\datastru.092ea433.tlog\link.read.1.tlog
\\mac\home\documents\github\sideproject\fulltimestudy\datastructure.cpp\datastructure.cpp\debug\datastru.092ea433.tlog\link.write.1.tlog
